Process: de.eloc.eloc_control_panel, PID: 31078
    android.content.res.Resources$NotFoundException: Drawable de.eloc.eloc_control_panel:drawable/$mtrl_switch_thumb_checked_unchecked__1 with resource ID #0x7f080022
    Caused by: android.content.res.Resources$NotFoundException: File res/drawable/$mtrl_switch_thumb_checked_unchecked__1.xml from drawable resource ID #0x7f080022
        at android.content.res.ResourcesImpl.loadDrawableForCookie(ResourcesImpl.java:874)
        at android.content.res.ResourcesImpl.loadDrawable(ResourcesImpl.java:668)
        at android.content.res.Resources.loadDrawable(Resources.java:993)
        at android.content.res.Resources.getDrawableForDensity(Resources.java:983)
        at android.content.res.Resources.getDrawable(Resources.java:922)
        at android.content.res.Resources.getDrawable(Resources.java:897)
        at com.google.maps.api.android.lib6.impl.ay.n(:com.google.android.gms.dynamite_mapsdynamite@231312044@23.13.12 (190400-0):5)
        at com.google.maps.api.android.lib6.impl.x.<init>(:com.google.android.gms.dynamite_mapsdynamite@231312044@23.13.12 (190400-0):8)
        at com.google.maps.api.android.lib6.impl.bk.aD(:com.google.android.gms.dynamite_mapsdynamite@231312044@23.13.12 (190400-0):19)
        at com.google.maps.api.android.lib6.impl.cm.o(:com.google.android.gms.dynamite_mapsdynamite@231312044@23.13.12 (190400-0):2)
        at com.google.android.gms.maps.internal.o.bb(:com.google.android.gms.dynamite_mapsdynamite@231312044@23.13.12 (190400-0):27)
        at ff.onTransact(:com.google.android.gms.dynamite_mapsdynamite@231312044@23.13.12 (190400-0):4)
        at android.os.Binder.transact(Binder.java:1064)
        at com.google.android.gms.internal.maps.zza.zzH(com.google.android.gms:play-services-maps@@18.1.0:2)
        at com.google.android.gms.maps.internal.zzk.onCreateView(com.google.android.gms:play-services-maps@@18.1.0:5)
        at com.google.android.gms.maps.zzau.onCreateView(com.google.android.gms:play-services-maps@@18.1.0:7)
        at com.google.android.gms.dynamic.zad.zab(com.google.android.gms:play-services-base@@18.0.1:2)
        at com.google.android.gms.dynamic.DeferredLifecycleHelper.zaf(com.google.android.gms:play-services-base@@18.0.1:1)
        at com.google.android.gms.dynamic.DeferredLifecycleHelper.onCreateView(com.google.android.gms:play-services-base@@18.0.1:2)
        at com.google.android.gms.maps.SupportMapFragment.onCreateView(com.google.android.gms:play-services-maps@@18.1.0:1)
        at androidx.fragment.app.Fragment.performCreateView(Fragment.java:2963)
        at androidx.fragment.app.FragmentStateManager.createView(FragmentStateManager.java:518)
        at androidx.fragment.app.FragmentStateManager.moveToExpectedState(FragmentStateManager.java:282)
        at androidx.fragment.app.FragmentStore.moveToExpectedState(FragmentStore.java:112)
        at androidx.fragment.app.FragmentManager.moveToState(FragmentManager.java:1647)
        at androidx.fragment.app.FragmentManager.dispatchStateChange(FragmentManager.java:3128)
        at androidx.fragment.app.FragmentManager.dispatchActivityCreated(FragmentManager.java:3072)
        at androidx.fragment.app.FragmentController.dispatchActivityCreated(FragmentController.java:251)
        at androidx.fragment.app.FragmentActivity.onStart(FragmentActivity.java:502)
        at androidx.appcompat.app.AppCompatActivity.onStart(AppCompatActivity.java:251)
        at android.app.Instrumentation.callActivityOnStart(Instrumentation.java:1471)
        at android.app.Activity.performStart(Activity.java:8082)
        at android.app.ActivityThread.handleStartActivity(ActivityThread.java:3732)
        at android.app.servertransaction.TransactionExecutor.performLifecycleSequence(TransactionExecutor.java:221)
        at android.app.servertransaction.TransactionExecutor.cycleToPath(TransactionExecutor.java:201)
        at android.app.servertransaction.TransactionExecutor.executeLifecycleState(TransactionExecutor.java:173)
        at android.app.servertransaction.TransactionExecutor.execute(TransactionExecutor.java:97)
        at android.app.ActivityThread$H.handleMessage(ActivityThread.java:2253)
        at android.os.Handler.dispatchMessage(Handler.java:106)
E/AndroidRuntime:     at android.os.Looper.loopOnce(Looper.java:201)
        at android.os.Looper.loop(Looper.java:288)
        at android.app.ActivityThread.main(ActivityThread.java:7870)
        at java.lang.reflect.Method.invoke(Native Method)
        at com.android.internal.os.RuntimeInit$MethodAndArgsCaller.run(RuntimeInit.java:548)
        at com.android.internal.os.ZygoteInit.main(ZygoteInit.java:1003)
     Caused by: android.view.InflateException: Class not found objectAnimator
        at android.graphics.drawable.DrawableInflater.inflateFromClass(DrawableInflater.java:225)
        at android.graphics.drawable.DrawableInflater.inflateFromXmlForDensity(DrawableInflater.java:142)
        at android.graphics.drawable.Drawable.createFromXmlInnerForDensity(Drawable.java:1399)
        at android.graphics.drawable.Drawable.createFromXmlForDensity(Drawable.java:1358)
        at android.content.res.ResourcesImpl.loadXmlDrawable(ResourcesImpl.java:906)
        at android.content.res.ResourcesImpl.loadDrawableForCookie(ResourcesImpl.java:860)
        	... 44 more
     Caused by: java.lang.ClassNotFoundException: Didn't find class "objectAnimator" on path: DexPathList[[dex file "/data/data/de.eloc.eloc_control_panel/code_cache/.overlay/base.apk/classes8.dex", dex file "/data/data/de.eloc.eloc_control_panel/code_cache/.overlay/base.apk/classes9.dex", zip file "/data/app/~~3fyPW1kZ-o1ohBOaqyaC9g==/de.eloc.eloc_control_panel-_D0jxE21nAxJpTUNXXiySQ==/base.apk"],nativeLibraryDirectories=[/data/app/~~3fyPW1kZ-o1ohBOaqyaC9g==/de.eloc.eloc_control_panel-_D0jxE21nAxJpTUNXXiySQ==/lib/arm64, /system/lib64, /system_ext/lib64]]
        at dalvik.system.BaseDexClassLoader.findClass(BaseDexClassLoader.java:218)
        at java.lang.ClassLoader.loadClass(ClassLoader.java:379)
        at java.lang.ClassLoader.loadClass(ClassLoader.java:312)
        at android.graphics.drawable.DrawableInflater.inflateFromClass(DrawableInflater.java:206)
        	... 49 more
I/Process: Sending signal. PID: 31078 SIG: 9
Disconnected from the target VM, address: 'localhost:56330', transport: 'socket'